17:23:26 com.biencaps.erp.testCases.LoginAndForgotPasswordFunctionality - Actual entered user Id is: INC012
17:23:27 com.biencaps.erp.testCases.LoginAndForgotPasswordFunctionality - Actual entered password is: cokrkwpj
17:23:30 com.biencaps.erp.testCases.LoginAndForgotPasswordFunctionality - Actual password textfield error message is: Enter Valid Password
17:23:30 com.biencaps.erp.testCases.LoginAndForgotPasswordFunctionality - Actual entered user Id is: Santa
17:23:31 com.biencaps.erp.testCases.LoginAndForgotPasswordFunctionality - Actual entered password is: Pratham@2299
17:23:32 com.biencaps.erp.testCases.LoginAndForgotPasswordFunctionality - Actual userId textfield error message is: Enter Valid User ID

17:23:33 com.biencaps.erp.testCases.LoginAndForgotPasswordFunctionality - Actual entered user Id is: Melva
17:23:33 com.biencaps.erp.testCases.LoginAndForgotPasswordFunctionality - Actual entered password is: jtir2osccf
17:23:35 com.biencaps.erp.testCases.LoginAndForgotPasswordFunctionality - Actual userId textfield error message is: Enter Valid User ID

17:23:36 com.biencaps.erp.testCases.LoginAndForgotPasswordFunctionality - Actual error toast message for forgot password functionality when not entering employee Id is: Enter valid Employee Id

17:23:37 com.biencaps.erp.testCases.LoginAndForgotPasswordFunctionality - Actual entered user Id is: INC012

17:23:43 com.biencaps.erp.testCases.LoginAndForgotPasswordFunctionality - Actual success message after forgot password sent to employee email is: Password Sent successfully Check your Mail

17:23:44 com.biencaps.erp.testCases.LoginAndForgotPasswordFunctionality - Actual entered user Id is: INC012
17:23:44 com.biencaps.erp.testCases.LoginAndForgotPasswordFunctionality - Actual entered password is: Pratham@2299
17:23:47 com.biencaps.erp.testCases.LoginAndForgotPasswordFunctionality - Actual toast message after successful logged In is: Login Successfully

17:23:48 com.biencaps.erp.testCases.LoginAndForgotPasswordFunctionality - Actual employee name at dashboard page is: Prathamesh Dhasade

17:24:39 com.biencaps.erp.testCases.LoginAndForgotPasswordFunctionality - Actual entered user Id is: INC012
17:24:39 com.biencaps.erp.testCases.LoginAndForgotPasswordFunctionality - Actual entered password is: zbdqfiz6
17:24:42 com.biencaps.erp.testCases.LoginAndForgotPasswordFunctionality - Actual password textfield error message is: Enter Valid Password
17:24:43 com.biencaps.erp.testCases.LoginAndForgotPasswordFunctionality - Actual entered user Id is: Olen
17:24:43 com.biencaps.erp.testCases.LoginAndForgotPasswordFunctionality - Actual entered password is: Pratham@2299
17:24:45 com.biencaps.erp.testCases.LoginAndForgotPasswordFunctionality - Actual userId textfield error message is: Enter Valid User ID

17:24:45 com.biencaps.erp.testCases.LoginAndForgotPasswordFunctionality - Actual entered user Id is: Antone
17:24:46 com.biencaps.erp.testCases.LoginAndForgotPasswordFunctionality - Actual entered password is: ys1alexnzjs
17:24:47 com.biencaps.erp.testCases.LoginAndForgotPasswordFunctionality - Actual userId textfield error message is: Enter Valid User ID

17:24:48 com.biencaps.erp.testCases.LoginAndForgotPasswordFunctionality - Actual error toast message for forgot password functionality when not entering employee Id is: Enter valid Employee Id

17:24:49 com.biencaps.erp.testCases.LoginAndForgotPasswordFunctionality - Actual entered user Id is: INC012

17:24:54 com.biencaps.erp.testCases.LoginAndForgotPasswordFunctionality - Actual success message after forgot password sent to employee email is: Password Sent successfully Check your Mail

17:24:55 com.biencaps.erp.testCases.LoginAndForgotPasswordFunctionality - Actual entered user Id is: INC012
17:24:55 com.biencaps.erp.testCases.LoginAndForgotPasswordFunctionality - Actual entered password is: Pratham@2299
17:24:58 com.biencaps.erp.testCases.LoginAndForgotPasswordFunctionality - Actual toast message after successful logged In is: Login Successfully

17:24:59 com.biencaps.erp.testCases.LoginAndForgotPasswordFunctionality - Actual employee name at dashboard page is: Prathamesh Dhasade

