15:53:42 in.biencaps.erp.testCases.PasswordChangeFunctionality - Actual entered current password is: i7xbdvtsz
15:53:43 in.biencaps.erp.testCases.PasswordChangeFunctionality - Actual entered new password is: Pass@123
15:53:44 in.biencaps.erp.testCases.PasswordChangeFunctionality - Actual entered confirm new password is: Pass@123
15:53:49 in.biencaps.erp.testCases.PasswordChangeFunctionality - Actual entered current password is: Pratham@2299
15:53:50 in.biencaps.erp.testCases.PasswordChangeFunctionality - Actual entered new password is: jZZxO@
15:53:51 in.biencaps.erp.testCases.PasswordChangeFunctionality - Actual entered confirm new password is: Pass@123
15:53:54 in.biencaps.erp.testCases.PasswordChangeFunctionality - Actual entered current password is: Pratham@2299
15:53:56 in.biencaps.erp.testCases.PasswordChangeFunctionality - Actual entered new password is: Pass@123
15:56:09 in.biencaps.erp.testCases.PasswordChangeFunctionality - Actual entered current password is: wr1py4akb8
15:56:10 in.biencaps.erp.testCases.PasswordChangeFunctionality - Actual entered new password is: Pratham@2299
15:56:12 in.biencaps.erp.testCases.PasswordChangeFunctionality - Actual entered confirm new password is: Pratham@2299
15:56:17 in.biencaps.erp.testCases.PasswordChangeFunctionality - Actual entered current password is: Pratham@2299
15:56:18 in.biencaps.erp.testCases.PasswordChangeFunctionality - Actual entered new password is: 539BLHByfS
15:56:19 in.biencaps.erp.testCases.PasswordChangeFunctionality - Actual entered confirm new password is: Pratham@2299
15:56:23 in.biencaps.erp.testCases.PasswordChangeFunctionality - Actual entered current password is: Pratham@2299
15:56:24 in.biencaps.erp.testCases.PasswordChangeFunctionality - Actual entered new password is: Pratham@2299
15:56:26 in.biencaps.erp.testCases.PasswordChangeFunctionality - Actual entered confirm new password is: adliaap4vfxw
15:56:29 in.biencaps.erp.testCases.PasswordChangeFunctionality - Actual entered current password is: Pratham@2299
15:56:30 in.biencaps.erp.testCases.PasswordChangeFunctionality - Actual entered new password is: Pratham@2299
15:56:32 in.biencaps.erp.testCases.PasswordChangeFunctionality - Actual entered confirm new password is: Pratham@2299
